<?xml version="1.0" encoding="UTF-8"?>
<testng-results ignored="0" total="1" passed="1" failed="0" skipped="0">
  <reporter-output>
  </reporter-output>
  <suite started-at="2022-07-06T15:46:44 IST" name="Default suite" finished-at="2022-07-06T15:46:44 IST" duration-ms="52">
    <groups>
    </groups>
    <test started-at="2022-07-06T15:46:44 IST" name="Default test" finished-at="2022-07-06T15:46:44 IST" duration-ms="52">
      <class name="JavaCode.JavaCode.StreamExample">
        <test-method signature="streamMap()[pri:0, instance:JavaCode.JavaCode.StreamExample@1649b0e6]" started-at="2022-07-06T15:46:44 IST" name="streamMap" finished-at="2022-07-06T15:46:44 IST" duration-ms="20" status="PASS">
          <reporter-output>
          </reporter-output>
        </test-method> <!-- streamMap -->
      </class> <!-- JavaCode.JavaCode.StreamExample -->
    </test> <!-- Default test -->
  </suite> <!-- Default suite -->
</testng-results>
